Arguments: 
  C:\Program Files\nodejs\node.exe C:\Users\jswei\AppData\Roaming\npm\node_modules\yarn\bin\yarn.js add quill-emoji

PATH: 
  C:\Users\jswei\bin;C:\Program Files\Git\mingw64\bin;C:\Program Files\Git\usr\local\bin;C:\Program Files\Git\usr\bin;C:\Program Files\Git\usr\bin;C:\Program Files\Git\mingw64\bin;C:\Program Files\Git\usr\bin;C:\Users\jswei\bin;C:\Python27;C:\Python27\Scripts;C:\tools\ruby24\bin;C:\Windows\system32;C:\Windows;C:\Windows\System32\Wbem;C:\Windows\System32\WindowsPowerShell\v1.0;C:\ProgramData\chocolatey\bin;C:\tools\php71;C:\ProgramData\ComposerSetup\bin;C:\Program Files\TortoiseSVN\bin;C:\Program Files (x86)\JetBrains\PhpStorm 2017.2.4\bin;C:\Program Files\Sublime Text 3;C:\Program Files\nodejs;C:\GTK;C:\GTK\bin;C:\Program Files\MongoDB\Server\3.6\bin;C:\Program Files\Git\cmd;C:\Users\jswei\AppData\Local\Programs\Python\Python36\Scripts;C:\Users\jswei\AppData\Local\Programs\Python\Python36;C:\Users\jswei\AppData\Local\Microsoft\WindowsApps;C:\Users\jswei\AppData\Local\atom\bin;C:\Users\jswei\AppData\Roaming\Composer\vendor\bin;C:\Program Files\Microsoft VS Code Insiders\bin;C:\Program Files\HBuilder;C:\Users\jswei\AppData\Roaming\npm;C:\Program Files\Microsoft VS Code\bin;C:\GTK;C:\GTK\bin;C:\Program Files\MongoDB\Server\3.6\bin;C:\Users\jswei\AppData\Local\Programs\Fiddler;C:\Program Files\Git\usr\bin\vendor_perl;C:\Program Files\Git\usr\bin\core_perl

Yarn version: 
  1.3.2

Node version: 
  8.9.1

Platform: 
  win32 x64

npm manifest: 
  {
    "name": "vue-manage-system",
    "version": "3.1.0",
    "description": "基于Vue.js 2.x系列 + element-ui 内容管理系统解决方案",
    "author": "js-wei <524314430@qq.com>",
    "private": true,
    "scripts": {
      "dev": "webpack-dev-server --inline --progress --config build/webpack.dev.conf.js",
      "build": "node build/build.js",
      "build:dll": "webpack --config build/webpack.dll.conf.js"
    },
    "dependencies": {
      "axios": "^0.15.3",
      "element-china-area-data": "^4.1.0",
      "element-ui": "2.3.3",
      "js-cookie": "^2.2.0",
      "js-md5": "^0.7.3",
      "mavon-editor": "^2.5.4",
      "quill-emoji": "^0.0.9",
      "vue": "^2.5.16",
      "vue-axios": "^2.1.1",
      "vue-cropperjs": "^2.2.0",
      "vue-meta-info": "^0.1.6",
      "vue-progressbar": "^0.7.5",
      "vue-quill-editor": "3.0.6",
      "vue-router": "^3.0.1",
      "vue-schart": "^0.1.4",
      "vue-toasted": "^1.1.24",
      "vuedraggable": "^2.16.0",
      "vuescroll": "^4.5.19",
      "vuex": "^3.0.1"
    },
    "devDependencies": {
      "autoprefixer": "^7.1.2",
      "babel-core": "^6.22.1",
      "babel-helper-vue-jsx-merge-props": "^2.0.3",
      "babel-loader": "^7.1.1",
      "babel-plugin-syntax-jsx": "^6.18.0",
      "babel-plugin-transform-runtime": "^6.22.0",
      "babel-plugin-transform-vue-jsx": "^3.5.0",
      "babel-preset-env": "^1.3.2",
      "babel-preset-stage-2": "^6.22.0",
      "chalk": "^2.0.1",
      "copy-webpack-plugin": "^4.0.1",
      "css-loader": "^0.28.0",
      "extract-text-webpack-plugin": "^3.0.0",
      "file-loader": "^1.1.4",
      "friendly-errors-webpack-plugin": "^1.6.1",
      "html-webpack-plugin": "^2.30.1",
      "node-notifier": "^5.1.2",
      "node-sass": "^4.9.0",
      "optimize-css-assets-webpack-plugin": "^3.2.0",
      "ora": "^1.2.0",
      "portfinder": "^1.0.13",
      "postcss-import": "^11.0.0",
      "postcss-loader": "^2.0.8",
      "quill-image-extend-module": "^1.1.2",
      "rimraf": "^2.6.0",
      "sass-loader": "^7.0.1",
      "semver": "^5.3.0",
      "shelljs": "^0.7.6",
      "uglifyjs-webpack-plugin": "^1.1.1",
      "url-loader": "^0.5.8",
      "vue-loader": "^13.3.0",
      "vue-style-loader": "^3.0.1",
      "vue-template-compiler": "^2.5.2",
      "vuex-persistedstate": "^2.5.4",
      "webpack": "^3.11.0",
      "webpack-bundle-analyzer": "^2.9.0",
      "webpack-dev-server": "^2.9.1",
      "webpack-merge": "^4.1.0"
    },
    "engines": {
      "node": ">= 4.0.0",
      "npm": ">= 3.0.0"
    },
    "browserslist": [
      "> 1%",
      "last 5 versions",
      "not ie <= 8"
    ]
  }

yarn manifest: 
  No manifest

Lockfile: 
  No lockfile

Trace: 
  Error: ENOENT: no such file or directory, copyfile 'C:\Users\jswei\AppData\Local\Yarn\cache\v1\npm-define-property-2.0.2-d459689e8d654ba77e02a817f8710d702cb16e9d\CHANGELOG.md' -> 'D:\works\admin.jswei.cn\node_modules\anymatch\node_modules\define-property\CHANGELOG.md'
